#
# A fatal error has been detected by the Java Runtime Environment:
#
#  EXCEPTION_ACCESS_VIOLATION (0xc0000005) at pc=0x5c640b80, pid=5128, tid=4172
#
# JRE version: 7.0_15-b03
# Java VM: Java HotSpot(TM) Client VM (23.7-b01 mixed mode windows-x86 )
# Problematic frame:
# V  [jvm.dll+0x20b80]
#
# Failed to write core dump. Minidumps are not enabled by default on client versions of Windows
#
# If you would like to submit a bug report, please visit:
#   http://bugreport.sun.com/bugreport/crash.jsp
#

---------------  T H R E A D  ---------------

Current thread (0x17ce5c00):  JavaThread "JDWP Transport Listener: dt_socket" daemon [_thread_in_vm, id=4172, stack(0x182e0000,0x18330000)]

siginfo: ExceptionCode=0xc0000005, reading address 0x00000008

Registers:
EAX=0x04047280, EBX=0x04047280, ECX=0x00000000, EDX=0x00000000
ESP=0x1832f67c, EBP=0x1832f680, ESI=0x00000000, EDI=0x17ce5c00
EIP=0x5c640b80, EFLAGS=0x00010246

Top of Stack: (sp=0x1832f67c)
0x1832f67c:   17ce5d28 1832f6a8 5c6c63f3 04047280
0x1832f68c:   17ce5d28 6b0be174 6b0be15c 17ce5c00
0x1832f69c:   00000000 17ce5d28 1832f76c 6b0be99c
0x1832f6ac:   6b0a63b2 17ce5d28 19216264 00000000
0x1832f6bc:   1832f6e0 1832f76c 19638ee8 1832f71c
0x1832f6cc:   19216264 1832f6ec 6b0abd12 1832f6ec
0x1832f6dc:   1832f720 6b0c2c68 73355004 00000000
0x1832f6ec:   1969c130 0000000b 77320000 00000013 

Instructions: (pc=0x5c640b80)
0x5c640b60:   8b 0d 48 0d 92 5c 85 c9 7e 05 8b 0c 01 eb 02 33
0x5c640b70:   c9 8b 15 4c 0d 92 5c 85 d2 7e 05 8b 04 02 eb 03
0x5c640b80:   8b 46 08 85 c0 75 0f 33 c9 50 51 e8 c0 cb 14 00
0x5c640b90:   83 c4 08 5e 5d c3 8d 4c 4e 0c 50 51 e8 af cb 14 


Register to memory mapping:

EAX=
[error occurred during error reporting (printing register info), id 0xc0000005]

Stack: [0x182e0000,0x18330000],  sp=0x1832f67c,  free space=317k
Native frames: (J=compiled Java code, j=interpreted, Vv=VM code, C=native code)
V  [jvm.dll+0x20b80]
V  [jvm.dll+0xa63f3]


---------------  P R O C E S S  ---------------

Java Threads: ( => current thread )
  0x1925f400 JavaThread "Thread-11" daemon [_thread_blocked, id=872, stack(0x18d70000,0x18dc0000)]
  0x1925ec00 JavaThread "Thread-10" daemon [_thread_blocked, id=288, stack(0x18400000,0x18450000)]
  0x18885c00 JavaThread "JDWP Command Reader" daemon [_thread_in_native, id=4780, stack(0x19b30000,0x19b80000)]
  0x1925e000 JavaThread "qtp15080519-28" [_thread_blocked, id=5552, stack(0x19a30000,0x19a80000)]
  0x1925d800 JavaThread "qtp15080519-27" [_thread_blocked, id=4596, stack(0x19ad0000,0x19b20000)]
  0x1925d400 JavaThread "qtp15080519-26" [_thread_blocked, id=5924, stack(0x18a10000,0x18a60000)]
  0x1925cc00 JavaThread "qtp15080519-25" [_thread_blocked, id=1504, stack(0x18960000,0x189b0000)]
  0x1925c800 JavaThread "qtp15080519-24 Selector0 SelectChannelConnector@0.0.0.0:8080 STARTED" [_thread_in_native, id=1992, stack(0x19890000,0x198e0000)]
  0x19124800 JavaThread "qtp15080519-23" [_thread_blocked, id=5220, stack(0x18a80000,0x18ad0000)]
  0x1924a800 JavaThread "qtp15080519-22" [_thread_blocked, id=3488, stack(0x17ea0000,0x17ef0000)]
  0x19123c00 JavaThread "qtp15080519-21 Acceptor0 SelectChannelConnector@0.0.0.0:8080 STARTING" [_thread_in_native, id=1728, stack(0x19910000,0x19960000)]
  0x19183400 JavaThread "HashSessionScavenger-0" daemon [_thread_blocked, id=2872, stack(0x18ea0000,0x18ef0000)]
  0x01478400 JavaThread "MycontainerRunner" [_thread_blocked, id=4940, stack(0x18e20000,0x18e70000)]
  0x186f9400 JavaThread "pool-1-thread-5" [_thread_blocked, id=4720, stack(0x18900000,0x18950000)]
  0x186f2c00 JavaThread "pool-1-thread-4" [_thread_blocked, id=4456, stack(0x18ad0000,0x18b20000)]
  0x186f0800 JavaThread "pool-1-thread-3" [_thread_blocked, id=4016, stack(0x17b50000,0x17ba0000)]
  0x186ef400 JavaThread "pool-1-thread-2" [_thread_blocked, id=3912, stack(0x189c0000,0x18a10000)]
  0x186ef000 JavaThread "pool-1-thread-1" [_thread_blocked, id=2488, stack(0x183b0000,0x18400000)]
  0x17cfdc00 JavaThread "Service Thread" daemon [_thread_blocked, id=4868, stack(0x184a0000,0x184f0000)]
  0x17cf4c00 JavaThread "C1 CompilerThread0" daemon [_thread_blocked, id=4136, stack(0x17be0000,0x17c30000)]
  0x17ced800 JavaThread "JDWP Event Helper Thread" daemon [_thread_blocked, id=4284, stack(0x17ef0000,0x17f40000)]
=>0x17ce5c00 JavaThread "JDWP Transport Listener: dt_socket" daemon [_thread_in_vm, id=4172, stack(0x182e0000,0x18330000)]
  0x17cdf000 JavaThread "Attach Listener" daemon [_thread_blocked, id=4872, stack(0x17fa0000,0x17ff0000)]
  0x17cdc000 JavaThread "Signal Dispatcher" daemon [_thread_blocked, id=5384, stack(0x17f40000,0x17f90000)]
  0x014af800 JavaThread "Finalizer" daemon [_thread_blocked, id=3540, stack(0x01650000,0x016a0000)]
  0x014ad400 JavaThread "Reference Handler" daemon [_thread_blocked, id=2368, stack(0x17c30000,0x17c80000)]
  0x0154b000 JavaThread "main" [_thread_blocked, id=5048, stack(0x011a0000,0x011f0000)]

Other Threads:
  0x014a9000 VMThread [stack: 0x016e0000,0x01730000] [id=5092]
  0x17d11000 WatcherThread [stack: 0x01350000,0x013a0000] [id=3924]

VM state:not at safepoint (normal execution)

VM Mutex/Monitor currently owned by a thread: None

Heap
 def new generation   total 17600K, used 7409K [0x03b30000, 0x04e40000, 0x09080000)
  eden space 15680K,  35% used [0x03b30000, 0x0408c658, 0x04a80000)
  from space 1920K, 100% used [0x04c60000, 0x04e40000, 0x04e40000)
  to   space 1920K,   0% used [0x04a80000, 0x04a80000, 0x04c60000)
 tenured generation   total 38884K, used 25453K [0x09080000, 0x0b679000, 0x13b30000)
   the space 38884K,  65% used [0x09080000, 0x0a95b798, 0x0a95b800, 0x0b679000)
 compacting perm gen  total 15360K, used 15150K [0x13b30000, 0x14a30000, 0x17b30000)
   the space 15360K,  98% used [0x13b30000, 0x149fbac0, 0x149fbc00, 0x14a30000)
No shared spaces configured.

Card table byte_map: [0x01550000,0x01600000] byte_map_base: 0x01532680

Polling page: 0x00240000

Code Cache  [0x01b30000, 0x01e58000, 0x03b30000)
 total_blobs=1611 nmethods=1446 adapters=107 free_code_cache=29562Kb largest_free_block=30269440

Compilation events (10 events):
Event: 262.054 Thread 0x17cf4c00 1472             org.eclipse.jetty.util.thread.Timeout::setNow (6 bytes)
Event: 262.054 Thread 0x17cf4c00 nmethod 1472 0x01e51088 code [0x01e51180, 0x01e51220]
Event: 336.458 Thread 0x17cf4c00 1473             sun.nio.ch.WindowsSelectorImpl$SubSelector::access$2900 (6 bytes)
Event: 336.459 Thread 0x17cf4c00 nmethod 1473 0x01e51588 code [0x01e51680, 0x01e5171c]
Event: 336.459 Thread 0x17cf4c00 1474             sun.nio.ch.WindowsSelectorImpl$SubSelector::processSelectedKeys (48 bytes)
Event: 336.460 Thread 0x17cf4c00 nmethod 1474 0x01e517c8 code [0x01e518e0, 0x01e51a24]
Event: 336.460 Thread 0x17cf4c00 1475             sun.nio.ch.WindowsSelectorImpl$SubSelector::access$400 (5 bytes)
Event: 336.460 Thread 0x17cf4c00 nmethod 1475 0x01e51ac8 code [0x01e51bc0, 0x01e51c4c]
Event: 336.461 Thread 0x17cf4c00 1476             sun.nio.ch.WindowsSelectorImpl$SubSelector::poll (47 bytes)
Event: 336.461 Thread 0x17cf4c00 nmethod 1476 0x01e51cc8 code [0x01e51dd0, 0x01e51edc]

GC Heap History (10 events):
Event: 11.555 GC heap before
{Heap before GC invocations=58 (full 2):
 def new generation   total 10752K, used 10752K [0x03b30000, 0x046d0000, 0x09080000)
  eden space 9600K, 100% used [0x03b30000, 0x04490000, 0x04490000)
  from space 1152K, 100% used [0x04490000, 0x045b0000, 0x045b0000)
  to   space 1152K,   0% used [0x045b0000, 0x045b0000, 0x046d0000)
 tenured generation   total 23800K, used 23064K [0x09080000, 0x0a7be000, 0x13b30000)
   the space 23800K,  96% used [0x09080000, 0x0a706020, 0x0a706200, 0x0a7be000)
 compacting perm gen  total 12288K, used 8132K [0x13b30000, 0x14730000, 0x17b30000)
   the space 12288K,  66% used [0x13b30000, 0x14321368, 0x14321400, 0x14730000)
No shared spaces configured.
Event: 11.564 GC heap after
Heap after GC invocations=59 (full 2):
 def new generation   total 10752K, used 1152K [0x03b30000, 0x046d0000, 0x09080000)
  eden space 9600K,   0% used [0x03b30000, 0x03b30000, 0x04490000)
  from space 1152K, 100% used [0x045b0000, 0x046d0000, 0x046d0000)
  to   space 1152K,   0% used [0x04490000, 0x04490000, 0x045b0000)
 tenured generation   total 23800K, used 23778K [0x09080000, 0x0a7be000, 0x13b30000)
   the space 23800K,  99% used [0x09080000, 0x0a7b8bb0, 0x0a7b8c00, 0x0a7be000)
 compacting perm gen  total 12288K, used 8132K [0x13b30000, 0x14730000, 0x17b30000)
   the space 12288K,  66% used [0x13b30000, 0x14321368, 0x14321400, 0x14730000)
No shared spaces configured.
}
Event: 51.917 GC heap before
{Heap before GC invocations=59 (full 2):
 def new generation   total 10752K, used 10752K [0x03b30000, 0x046d0000, 0x09080000)
  eden space 9600K, 100% used [0x03b30000, 0x04490000, 0x04490000)
  from space 1152K, 100% used [0x045b0000, 0x046d0000, 0x046d0000)
  to   space 1152K,   0% used [0x04490000, 0x04490000, 0x045b0000)
 tenured generation   total 23800K, used 23778K [0x09080000, 0x0a7be000, 0x13b30000)
   the space 23800K,  99% used [0x09080000, 0x0a7b8bb0, 0x0a7b8c00, 0x0a7be000)
 compacting perm gen  total 12288K, used 9344K [0x13b30000, 0x14730000, 0x17b30000)
   the space 12288K,  76% used [0x13b30000, 0x14450038, 0x14450200, 0x14730000)
No shared spaces configured.
Event: 52.091 GC heap after
Heap after GC invocations=60 (full 3):
 def new generation   total 17600K, used 0K [0x03b30000, 0x04e40000, 0x09080000)
  eden space 15680K,   0% used [0x03b30000, 0x03b30000, 0x04a80000)
  from space 1920K,   0% used [0x04a80000, 0x04a80000, 0x04c60000)
  to   space 1920K,   0% used [0x04c60000, 0x04c60000, 0x04e40000)
 tenured generation   total 38884K, used 23329K [0x09080000, 0x0b679000, 0x13b30000)
   the space 38884K,  59% used [0x09080000, 0x0a748768, 0x0a748800, 0x0b679000)
 compacting perm gen  total 12288K, used 9344K [0x13b30000, 0x14730000, 0x17b30000)
   the space 12288K,  76% used [0x13b30000, 0x14450038, 0x14450200, 0x14730000)
No shared spaces configured.
}
Event: 85.297 GC heap before
{Heap before GC invocations=60 (full 3):
 def new generation   total 17600K, used 15680K [0x03b30000, 0x04e40000, 0x09080000)
  eden space 15680K, 100% used [0x03b30000, 0x04a80000, 0x04a80000)
  from space 1920K,   0% used [0x04a80000, 0x04a80000, 0x04c60000)
  to   space 1920K,   0% used [0x04c60000, 0x04c60000, 0x04e40000)
 tenured generation   total 38884K, used 23329K [0x09080000, 0x0b679000, 0x13b30000)
   the space 38884K,  59% used [0x09080000, 0x0a748768, 0x0a748800, 0x0b679000)
 compacting perm gen  total 12288K, used 11112K [0x13b30000, 0x14730000, 0x17b30000)
   the space 12288K,  90% used [0x13b30000, 0x1460a068, 0x1460a200, 0x14730000)
No shared spaces configured.
Event: 85.305 GC heap after
Heap after GC invocations=61 (full 3):
 def new generation   total 17600K, used 749K [0x03b30000, 0x04e40000, 0x09080000)
  eden space 15680K,   0% used [0x03b30000, 0x03b30000, 0x04a80000)
  from space 1920K,  39% used [0x04c60000, 0x04d1b7b0, 0x04e40000)
  to   space 1920K,   0% used [0x04a80000, 0x04a80000, 0x04c60000)
 tenured generation   total 38884K, used 23329K [0x09080000, 0x0b679000, 0x13b30000)
   the space 38884K,  59% used [0x09080000, 0x0a748768, 0x0a748800, 0x0b679000)
 compacting perm gen  total 12288K, used 11112K [0x13b30000, 0x14730000, 0x17b30000)
   the space 12288K,  90% used [0x13b30000, 0x1460a068, 0x1460a200, 0x14730000)
No shared spaces configured.
}
Event: 146.309 GC heap before
{Heap before GC invocations=61 (full 3):
 def new generation   total 17600K, used 16429K [0x03b30000, 0x04e40000, 0x09080000)
  eden space 15680K, 100% used [0x03b30000, 0x04a80000, 0x04a80000)
  from space 1920K,  39% used [0x04c60000, 0x04d1b7b0, 0x04e40000)
  to   space 1920K,   0% used [0x04a80000, 0x04a80000, 0x04c60000)
 tenured generation   total 38884K, used 23329K [0x09080000, 0x0b679000, 0x13b30000)
   the space 38884K,  59% used [0x09080000, 0x0a748768, 0x0a748800, 0x0b679000)
 compacting perm gen  total 12800K, used 12626K [0x13b30000, 0x147b0000, 0x17b30000)
   the space 12800K,  98% used [0x13b30000, 0x14784998, 0x14784a00, 0x147b0000)
No shared spaces configured.
Event: 146.319 GC heap after
Heap after GC invocations=62 (full 3):
 def new generation   total 17600K, used 1920K [0x03b30000, 0x04e40000, 0x09080000)
  eden space 15680K,   0% used [0x03b30000, 0x03b30000, 0x04a80000)
  from space 1920K, 100% used [0x04a80000, 0x04c60000, 0x04c60000)
  to   space 1920K,   0% used [0x04c60000, 0x04c60000, 0x04e40000)
 tenured generation   total 38884K, used 23566K [0x09080000, 0x0b679000, 0x13b30000)
   the space 38884K,  60% used [0x09080000, 0x0a783a90, 0x0a783c00, 0x0b679000)
 compacting perm gen  total 12800K, used 12626K [0x13b30000, 0x147b0000, 0x17b30000)
   the space 12800K,  98% used [0x13b30000, 0x14784998, 0x14784a00, 0x147b0000)
No shared spaces configured.
}
Event: 149.892 GC heap before
{Heap before GC invocations=62 (full 3):
 def new generation   total 17600K, used 17600K [0x03b30000, 0x04e40000, 0x09080000)
  eden space 15680K, 100% used [0x03b30000, 0x04a80000, 0x04a80000)
  from space 1920K, 100% used [0x04a80000, 0x04c60000, 0x04c60000)
  to   space 1920K,   0% used [0x04c60000, 0x04c60000, 0x04e40000)
 tenured generation   total 38884K, used 23566K [0x09080000, 0x0b679000, 0x13b30000)
   the space 38884K,  60% used [0x09080000, 0x0a783a90, 0x0a783c00, 0x0b679000)
 compacting perm gen  total 14848K, used 14833K [0x13b30000, 0x149b0000, 0x17b30000)
   the space 14848K,  99% used [0x13b30000, 0x149ac740, 0x149ac800, 0x149b0000)
No shared spaces configured.
Event: 149.911 GC heap after
Heap after GC invocations=63 (full 3):
 def new generation   total 17600K, used 1920K [0x03b30000, 0x04e40000, 0x09080000)
  eden space 15680K,   0% used [0x03b30000, 0x03b30000, 0x04a80000)
  from space 1920K, 100% used [0x04c60000, 0x04e40000, 0x04e40000)
  to   space 1920K,   0% used [0x04a80000, 0x04a80000, 0x04c60000)
 tenured generation   total 38884K, used 25453K [0x09080000, 0x0b679000, 0x13b30000)
   the space 38884K,  65% used [0x09080000, 0x0a95b798, 0x0a95b800, 0x0b679000)
 compacting perm gen  total 14848K, used 14833K [0x13b30000, 0x149b0000, 0x17b30000)
   the space 14848K,  99% used [0x13b30000, 0x149ac740, 0x149ac800, 0x149b0000)
No shared spaces configured.
}

Deoptimization events (0 events):
No events

Internal exceptions (10 events):
Event: 235.951 Thread 0x1925cc00 Threw 0x03fe86a0 at C:\jdk7u2_32P\jdk7u15\hotspot\src\share\vm\prims\jvm.cpp:1166
Event: 235.951 Thread 0x1925cc00 Threw 0x03fe8da8 at C:\jdk7u2_32P\jdk7u15\hotspot\src\share\vm\prims\jvm.cpp:1166
Event: 235.957 Thread 0x1925cc00 Threw 0x0400ac58 at C:\jdk7u2_32P\jdk7u15\hotspot\src\share\vm\prims\jvm.cpp:1166
Event: 235.957 Thread 0x1925cc00 Threw 0x0400b290 at C:\jdk7u2_32P\jdk7u15\hotspot\src\share\vm\prims\jvm.cpp:1166
Event: 235.963 Thread 0x1925cc00 Threw 0x0402ca30 at C:\jdk7u2_32P\jdk7u15\hotspot\src\share\vm\prims\jvm.cpp:1166
Event: 235.964 Thread 0x1925cc00 Threw 0x0402d120 at C:\jdk7u2_32P\jdk7u15\hotspot\src\share\vm\prims\jvm.cpp:1166
Event: 235.971 Thread 0x1925cc00 Threw 0x040382f0 at C:\jdk7u2_32P\jdk7u15\hotspot\src\share\vm\prims\jvm.cpp:1166
Event: 235.972 Thread 0x1925cc00 Threw 0x04038b70 at C:\jdk7u2_32P\jdk7u15\hotspot\src\share\vm\prims\jvm.cpp:1166
Event: 235.987 Thread 0x1925cc00 Threw 0x0403f1b0 at C:\jdk7u2_32P\jdk7u15\hotspot\src\share\vm\prims\jvm.cpp:1166
Event: 235.987 Thread 0x1925cc00 Threw 0x0403f830 at C:\jdk7u2_32P\jdk7u15\hotspot\src\share\vm\prims\jvm.cpp:1166

Events (10 events):
Event: 339.505 Executing VM operation: GetOrSetLocal
Event: 339.505 Executing VM operation: GetOrSetLocal done
Event: 339.507 Executing VM operation: GetOrSetLocal
Event: 339.507 Executing VM operation: GetOrSetLocal done
Event: 339.509 Executing VM operation: GetOrSetLocal
Event: 339.509 Executing VM operation: GetOrSetLocal done
Event: 339.512 Executing VM operation: GetOrSetLocal
Event: 339.512 Executing VM operation: GetOrSetLocal done
Event: 339.512 Executing VM operation: GetOrSetLocal
Event: 339.512 Executing VM operation: GetOrSetLocal done


Dynamic libraries:
0x01220000 - 0x0124f000 	C:\Program Files\Java\jdk1.7.0_15\bin\java.exe
0x772d0000 - 0x7740c000 	C:\Windows\SYSTEM32\ntdll.dll
0x77030000 - 0x77104000 	C:\Windows\system32\kernel32.dll
0x75710000 - 0x7575a000 	C:\Windows\system32\KERNELBASE.dll
0x75ae0000 - 0x75b80000 	C:\Windows\system32\ADVAPI32.dll
0x771a0000 - 0x7724c000 	C:\Windows\system32\msvcrt.dll
0x758d0000 - 0x758e9000 	C:\Windows\SYSTEM32\sechost.dll
0x75990000 - 0x75a31000 	C:\Windows\system32\RPCRT4.dll
0x76ca0000 - 0x76d69000 	C:\Windows\system32\USER32.dll
0x758f0000 - 0x7593e000 	C:\Windows\system32\GDI32.dll
0x77430000 - 0x7743a000 	C:\Windows\system32\LPK.dll
0x75760000 - 0x757fd000 	C:\Windows\system32\USP10.dll
0x744c0000 - 0x7465e000 	C:\Windows\WinSxS\x86_microsoft.windows.common-controls_6595b64144ccf1df_6.0.7601.17514_none_41e6975e2bd6f2b2\COMCTL32.dll
0x75a50000 - 0x75aa7000 	C:\Windows\system32\SHLWAPI.dll
0x77410000 - 0x7742f000 	C:\Windows\system32\IMM32.DLL
0x75800000 - 0x758cc000 	C:\Windows\system32\MSCTF.dll
0x66900000 - 0x669be000 	C:\Program Files\Java\jdk1.7.0_15\jre\bin\msvcr100.dll
0x5c620000 - 0x5c96c000 	C:\Program Files\Java\jdk1.7.0_15\jre\bin\client\jvm.dll
0x71810000 - 0x71817000 	C:\Windows\system32\WSOCK32.dll
0x77440000 - 0x77475000 	C:\Windows\system32\WS2_32.dll
0x77490000 - 0x77496000 	C:\Windows\system32\NSI.dll
0x73910000 - 0x73942000 	C:\Windows\system32\WINMM.dll
0x75a40000 - 0x75a45000 	C:\Windows\system32\PSAPI.DLL
0x73420000 - 0x7342c000 	C:\Program Files\Java\jdk1.7.0_15\jre\bin\verify.dll
0x70600000 - 0x70620000 	C:\Program Files\Java\jdk1.7.0_15\jre\bin\java.dll
0x6b0a0000 - 0x6b0ca000 	C:\Program Files\Java\jdk1.7.0_15\jre\bin\jdwp.dll
0x73410000 - 0x73417000 	C:\Program Files\Java\jdk1.7.0_15\jre\bin\npt.dll
0x70790000 - 0x707a3000 	C:\Program Files\Java\jdk1.7.0_15\jre\bin\zip.dll
0x73350000 - 0x73358000 	C:\Program Files\Java\jdk1.7.0_15\jre\bin\dt_socket.dll
0x74ed0000 - 0x74f0c000 	C:\Windows\system32\mswsock.dll
0x749e0000 - 0x749e5000 	C:\Windows\System32\wshtcpip.dll
0x6b470000 - 0x6b484000 	C:\Program Files\Java\jdk1.7.0_15\jre\bin\net.dll
0x74ec0000 - 0x74ec6000 	C:\Windows\System32\wship6.dll
0x733e0000 - 0x733ee000 	C:\Program Files\Java\jdk1.7.0_15\jre\bin\nio.dll
0x75390000 - 0x753dc000 	C:\Windows\system32\apphelp.dll
0x74d90000 - 0x74dd4000 	C:\Windows\system32\DNSAPI.dll
0x715e0000 - 0x71601000 	C:\Program Files\Bonjour\mdnsNSP.dll
0x73110000 - 0x7312c000 	C:\Windows\system32\Iphlpapi.DLL
0x73100000 - 0x73107000 	C:\Windows\system32\WINNSI.DLL
0x71390000 - 0x71396000 	C:\Windows\system32\rasadhlp.dll
0x72ff0000 - 0x73028000 	C:\Windows\System32\fwpuclnt.dll
0x74f10000 - 0x74f26000 	C:\Windows\system32\CRYPTSP.dll
0x74cb0000 - 0x74ceb000 	C:\Windows\system32\rsaenh.dll
0x74ab0000 - 0x74ac7000 	C:\Windows\system32\USERENV.dll
0x75460000 - 0x7546b000 	C:\Windows\system32\profapi.dll
0x753e0000 - 0x753ec000 	C:\Windows\system32\CRYPTBASE.dll
0x6b050000 - 0x6b070000 	C:\Program Files\Java\jdk1.7.0_15\jre\bin\sunec.dll
0x70440000 - 0x70449000 	C:\Program Files\Java\jdk1.7.0_15\jre\bin\sunmscapi.dll
0x754e0000 - 0x755fe000 	C:\Windows\system32\CRYPT32.dll
0x754d0000 - 0x754dc000 	C:\Windows\system32\MSASN1.dll
0x737c0000 - 0x737d0000 	C:\Windows\system32\NLAapi.dll
0x70180000 - 0x70190000 	C:\Windows\system32\napinsp.dll
0x70160000 - 0x70172000 	C:\Windows\system32\pnrpnsp.dll
0x70140000 - 0x70148000 	C:\Windows\System32\winrnr.dll
0x6b960000 - 0x6ba4b000 	C:\Windows\system32\dbghelp.dll

VM Arguments:
jvm_args: -Xrunjdwp:transport=dt_socket,address=8787,server=y,suspend=n -Dclassworlds.conf=C:\Softwares\apache-maven-2.2.1/bin/m2.conf -Dmaven.home=C:\Softwares\apache-maven-2.2.1 
java_command: org.codehaus.classworlds.Launcher "mycontainer:start"
Launcher Type: SUN_STANDARD

Environment Variables:
JAVA_HOME=C:\Program Files\Java\jdk1.7.0_15
PATH=C:\cygwin\usr\local\bin;C:\cygwin\bin;C:\Windows\system32;C:\Windows;C:\Windows\System32\Wbem;C:\Windows\System32\WindowsPowerShell\v1.0;C:\Program Files\TortoiseSVN\bin;C:\Program Files\Java\jdk1.7.0_15\bin;C:\Softwares\apache-maven-2.2.1\bin;C:\Program Files\SlikSvn\bin
USERNAME=cesar.borges
SHELL=/bin/bash
OS=Windows_NT
PROCESSOR_IDENTIFIER=x86 Family 15 Model 107 Stepping 2, AuthenticAMD



---------------  S Y S T E M  ---------------

OS: Windows 7 Build 7601 Service Pack 1

CPU:total 2 (2 cores per cpu, 1 threads per core) family 15 model 107 stepping 2, cmov, cx8, fxsr, mmx, sse, sse2, sse3, mmxext, 3dnowpref, tsc

Memory: 4k page, physical 3538232k(1279828k free), swap 7074708k(4666064k free)

vm_info: Java HotSpot(TM) Client VM (23.7-b01) for windows-x86 JRE (1.7.0_15-b03), built on Feb 15 2013 14:01:25 by "java_re" with unknown MS VC++:1600

time: Thu Apr 25 19:21:31 2013
elapsed time: 339 seconds

